  [1m[35m (1.3ms)[0m  [1m[35mCREATE TABLE "schema_migrations" ("version" varchar NOT NULL PRIMARY KEY)[0m
  [1m[35m (0.2ms)[0m  [1m[35mCREATE TABLE "ar_internal_metadata" ("key" varchar NOT NULL PRIMARY KEY, "value" varchar, "created_at" datetime(6) NOT NULL, "updated_at" datetime(6) NOT NULL)[0m
  [1m[36mActiveRecord::InternalMetadata Load (0.1ms)[0m  [1m[34mSELECT * FROM "ar_internal_metadata" WHERE "ar_internal_metadata"."key" = ? ORDER BY "ar_internal_metadata"."key" ASC LIMIT 1[0m  [[nil, "environment"]]
  [1m[36mActiveRecord::InternalMetadata Create (0.2ms)[0m  [1m[32mINSERT INTO "ar_internal_metadata" ("key", "value", "created_at", "updated_at") VALUES ('environment', 'development', '2024-03-29 12:15:47.527283', '2024-03-29 12:15:47.527288') RETURNING "key"[0m
  [1m[36mActiveRecord::SchemaMigration Load (0.1ms)[0m  [1m[34mSELECT "schema_migrations"."version" FROM "schema_migrations" ORDER BY "schema_migrations"."version" ASC[0m
Migrating to CreateGenres (20240329121528)
  [1m[36mTRANSACTION (0.1ms)[0m  [1m[36mbegin transaction[0m
  [1m[35m (4.0ms)[0m  [1m[35mCREATE TABLE "genres" ("id" integer PRIMARY KEY AUTOINCREMENT NOT NULL, "name" varchar, "created_at" datetime(6) NOT NULL, "updated_at" datetime(6) NOT NULL)[0m
  [1m[36mActiveRecord::SchemaMigration Create (0.2ms)[0m  [1m[32mINSERT INTO "schema_migrations" ("version") VALUES ('20240329121528') RETURNING "version"[0m
  [1m[36mTRANSACTION (0.2ms)[0m  [1m[36mcommit transaction[0m
  [1m[36mActiveRecord::SchemaMigration Load (0.0ms)[0m  [1m[34mSELECT "schema_migrations"."version" FROM "schema_migrations" ORDER BY "schema_migrations"."version" ASC[0m
Started GET "/" for 127.0.0.1 at 2024-03-29 09:17:13 -0300
  [1m[36mActiveRecord::SchemaMigration Load (0.1ms)[0m  [1m[34mSELECT "schema_migrations"."version" FROM "schema_migrations" ORDER BY "schema_migrations"."version" ASC[0m
Processing by Rails::WelcomeController#index as HTML
  Rendering /usr/share/rvm/gems/ruby-3.2.0/gems/railties-7.1.3.2/lib/rails/templates/rails/welcome/index.html.erb
  Rendered /usr/share/rvm/gems/ruby-3.2.0/gems/railties-7.1.3.2/lib/rails/templates/rails/welcome/index.html.erb (Duration: 0.6ms | Allocations: 374)
Completed 200 OK in 16ms (Views: 5.7ms | ActiveRecord: 0.0ms | Allocations: 7900)


Started GET "/" for 127.0.0.1 at 2024-03-29 09:17:52 -0300
Processing by Rails::WelcomeController#index as HTML
  Rendering /usr/share/rvm/gems/ruby-3.2.0/gems/railties-7.1.3.2/lib/rails/templates/rails/welcome/index.html.erb
  Rendered /usr/share/rvm/gems/ruby-3.2.0/gems/railties-7.1.3.2/lib/rails/templates/rails/welcome/index.html.erb (Duration: 0.2ms | Allocations: 13)
Completed 200 OK in 1ms (Views: 0.4ms | ActiveRecord: 0.0ms | Allocations: 215)


Started GET "/" for 127.0.0.1 at 2024-03-29 09:17:53 -0300
Processing by Rails::WelcomeController#index as HTML
  Rendering /usr/share/rvm/gems/ruby-3.2.0/gems/railties-7.1.3.2/lib/rails/templates/rails/welcome/index.html.erb
  Rendered /usr/share/rvm/gems/ruby-3.2.0/gems/railties-7.1.3.2/lib/rails/templates/rails/welcome/index.html.erb (Duration: 0.1ms | Allocations: 13)
Completed 200 OK in 1ms (Views: 0.4ms | ActiveRecord: 0.0ms | Allocations: 214)


Started GET "/" for 127.0.0.1 at 2024-03-29 09:17:53 -0300
Processing by Rails::WelcomeController#index as HTML
  Rendering /usr/share/rvm/gems/ruby-3.2.0/gems/railties-7.1.3.2/lib/rails/templates/rails/welcome/index.html.erb
  Rendered /usr/share/rvm/gems/ruby-3.2.0/gems/railties-7.1.3.2/lib/rails/templates/rails/welcome/index.html.erb (Duration: 0.1ms | Allocations: 13)
Completed 200 OK in 1ms (Views: 0.4ms | ActiveRecord: 0.0ms | Allocations: 214)


Started GET "/" for 127.0.0.1 at 2024-03-29 09:17:54 -0300
Processing by Rails::WelcomeController#index as HTML
  Rendering /usr/share/rvm/gems/ruby-3.2.0/gems/railties-7.1.3.2/lib/rails/templates/rails/welcome/index.html.erb
  Rendered /usr/share/rvm/gems/ruby-3.2.0/gems/railties-7.1.3.2/lib/rails/templates/rails/welcome/index.html.erb (Duration: 0.1ms | Allocations: 13)
Completed 200 OK in 1ms (Views: 0.4ms | ActiveRecord: 0.0ms | Allocations: 214)


Started GET "/" for ::1 at 2024-03-29 09:18:09 -0300
Processing by HomeController#index as HTML
  Rendering layout layouts/application.html.erb
  Rendering home/index.html.erb within layouts/application
  Rendered home/index.html.erb within layouts/application (Duration: 0.4ms | Allocations: 95)
  Rendered layout layouts/application.html.erb (Duration: 193.5ms | Allocations: 95159)
Completed 200 OK in 195ms (Views: 194.6ms | ActiveRecord: 0.0ms | Allocations: 96155)


Started GET "/genres" for ::1 at 2024-03-29 09:18:10 -0300
Processing by GenresController#index as HTML
  Rendering layout layouts/application.html.erb
  Rendering genres/index.html.erb within layouts/application
  [1m[36mGenre Load (0.1ms)[0m  [1m[34mSELECT "genres".* FROM "genres"[0m
  ↳ app/views/genres/index.html.erb:8
  Rendered genres/index.html.erb within layouts/application (Duration: 20.1ms | Allocations: 3987)
  Rendered layout layouts/application.html.erb (Duration: 21.5ms | Allocations: 5135)
Completed 200 OK in 38ms (Views: 20.5ms | ActiveRecord: 1.5ms | Allocations: 14565)


Started GET "/genres/new" for ::1 at 2024-03-29 09:18:11 -0300
Processing by GenresController#new as HTML
  Rendering layout layouts/application.html.erb
  Rendering genres/new.html.erb within layouts/application
  Rendered genres/new.html.erb within layouts/application (Duration: 15.1ms | Allocations: 1950)
  Rendered layout layouts/application.html.erb (Duration: 17.1ms | Allocations: 3083)
Completed 200 OK in 33ms (Views: 17.6ms | ActiveRecord: 0.5ms | Allocations: 11187)


Started GET "/genres/new" for ::1 at 2024-03-29 09:18:11 -0300
Processing by GenresController#new as HTML
  Rendering layout layouts/application.html.erb
  Rendering genres/new.html.erb within layouts/application
  Rendered genres/new.html.erb within layouts/application (Duration: 1.1ms | Allocations: 558)
  Rendered layout layouts/application.html.erb (Duration: 3.0ms | Allocations: 1691)
Completed 200 OK in 4ms (Views: 3.5ms | ActiveRecord: 0.0ms | Allocations: 1956)


Started POST "/genres" for ::1 at 2024-03-29 09:18:13 -0300
Processing by GenresController#create as TURBO_STREAM
  Parameters: {"authenticity_token"=>"[FILTERED]", "genre"=>{"name"=>"123"}, "commit"=>"Create!"}
  [1m[36mTRANSACTION (0.1ms)[0m  [1m[36mbegin transaction[0m
  ↳ app/controllers/genres_controller.rb:11:in `create'
  [1m[36mGenre Create (1.0ms)[0m  [1m[32mINSERT INTO "genres" ("name", "created_at", "updated_at") VALUES (?, ?, ?) RETURNING "id"[0m  [["name", "123"], ["created_at", "2024-03-29 12:18:13.017493"], ["updated_at", "2024-03-29 12:18:13.017493"]]
  ↳ app/controllers/genres_controller.rb:11:in `create'
  [1m[36mTRANSACTION (1.0ms)[0m  [1m[36mcommit transaction[0m
  ↳ app/controllers/genres_controller.rb:11:in `create'
Redirected to http://localhost:3000/genres/new
Completed 302 Found in 5ms (ActiveRecord: 2.0ms | Allocations: 3212)


Started GET "/genres/new" for ::1 at 2024-03-29 09:18:13 -0300
Processing by GenresController#new as TURBO_STREAM
  Rendering layout layouts/application.html.erb
  Rendering genres/new.html.erb within layouts/application
  Rendered genres/new.html.erb within layouts/application (Duration: 0.8ms | Allocations: 568)
  Rendered layout layouts/application.html.erb (Duration: 2.3ms | Allocations: 1701)
Completed 200 OK in 3ms (Views: 2.7ms | ActiveRecord: 0.0ms | Allocations: 2008)


Started GET "/" for ::1 at 2024-03-29 09:18:14 -0300
Processing by HomeController#index as HTML
  Rendering layout layouts/application.html.erb
  Rendering home/index.html.erb within layouts/application
  Rendered home/index.html.erb within layouts/application (Duration: 0.0ms | Allocations: 7)
  Rendered layout layouts/application.html.erb (Duration: 1.9ms | Allocations: 1393)
Completed 200 OK in 3ms (Views: 2.4ms | ActiveRecord: 0.0ms | Allocations: 1643)


Started GET "/genres" for ::1 at 2024-03-29 09:18:14 -0300
Processing by GenresController#index as HTML
  Rendering layout layouts/application.html.erb
  Rendering genres/index.html.erb within layouts/application
  [1m[36mGenre Load (0.1ms)[0m  [1m[34mSELECT "genres".* FROM "genres"[0m
  ↳ app/views/genres/index.html.erb:8
  Rendered genres/index.html.erb within layouts/application (Duration: 2.0ms | Allocations: 874)
  Rendered layout layouts/application.html.erb (Duration: 3.7ms | Allocations: 2010)
Completed 200 OK in 5ms (Views: 4.4ms | ActiveRecord: 0.1ms | Allocations: 2270)


Started GET "/" for 127.0.0.1 at 2024-03-29 09:18:34 -0300
  [1m[36mActiveRecord::SchemaMigration Load (0.2ms)[0m  [1m[34mSELECT "schema_migrations"."version" FROM "schema_migrations" ORDER BY "schema_migrations"."version" ASC[0m
Processing by HomeController#index as HTML
  Rendering layout layouts/application.html.erb
  Rendering home/index.html.erb within layouts/application
  Rendered home/index.html.erb within layouts/application (Duration: 4.4ms | Allocations: 181)
  Rendered layout layouts/application.html.erb (Duration: 69.1ms | Allocations: 33037)
Completed 200 OK in 90ms (Views: 76.1ms | ActiveRecord: 0.0ms | Allocations: 37126)


Started GET "/genres" for 127.0.0.1 at 2024-03-29 09:18:36 -0300
Processing by GenresController#index as HTML
  Rendering layout layouts/application.html.erb
  Rendering genres/index.html.erb within layouts/application
  [1m[36mGenre Load (0.1ms)[0m  [1m[34mSELECT "genres".* FROM "genres"[0m
  ↳ app/views/genres/index.html.erb:8
  Rendered genres/index.html.erb within layouts/application (Duration: 15.2ms | Allocations: 10235)
  Rendered layout layouts/application.html.erb (Duration: 16.6ms | Allocations: 11372)
Completed 200 OK in 29ms (Views: 15.5ms | ActiveRecord: 1.7ms | Allocations: 17616)


Started GET "/genres/new" for 127.0.0.1 at 2024-03-29 09:18:37 -0300
Processing by GenresController#new as HTML
  Rendering layout layouts/application.html.erb
  Rendering genres/new.html.erb within layouts/application
  Rendered genres/new.html.erb within layouts/application (Duration: 3.5ms | Allocations: 1444)
  Rendered layout layouts/application.html.erb (Duration: 5.7ms | Allocations: 2577)
Completed 200 OK in 7ms (Views: 6.2ms | ActiveRecord: 0.0ms | Allocations: 2940)


Started DELETE "/genres/1" for 127.0.0.1 at 2024-03-29 09:18:38 -0300
Processing by GenresController#destroy as TURBO_STREAM
  Parameters: {"authenticity_token"=>"[FILTERED]", "id"=>"1"}
  [1m[36mGenre Load (0.1ms)[0m  [1m[34mSELECT "genres".* FROM "genres" WHERE "genres"."id" = ? LIMIT ?[0m  [["id", 1], ["LIMIT", 1]]
  ↳ app/controllers/genres_controller.rb:30:in `destroy'
  [1m[36mTRANSACTION (0.1ms)[0m  [1m[36mbegin transaction[0m
  ↳ app/controllers/genres_controller.rb:31:in `destroy'
  [1m[36mGenre Destroy (0.8ms)[0m  [1m[31mDELETE FROM "genres" WHERE "genres"."id" = ?[0m  [["id", 1]]
  ↳ app/controllers/genres_controller.rb:31:in `destroy'
  [1m[36mTRANSACTION (11.5ms)[0m  [1m[36mcommit transaction[0m
  ↳ app/controllers/genres_controller.rb:31:in `destroy'
Redirected to http://127.0.0.1:3000/genres
Completed 302 Found in 19ms (ActiveRecord: 12.4ms | Allocations: 4538)


Started GET "/genres" for 127.0.0.1 at 2024-03-29 09:18:38 -0300
Processing by GenresController#index as TURBO_STREAM
  Rendering layout layouts/application.html.erb
  Rendering genres/index.html.erb within layouts/application
  [1m[36mGenre Load (0.1ms)[0m  [1m[34mSELECT "genres".* FROM "genres"[0m
  ↳ app/views/genres/index.html.erb:8
  Rendered genres/index.html.erb within layouts/application (Duration: 1.1ms | Allocations: 653)
  Rendered layout layouts/application.html.erb (Duration: 2.5ms | Allocations: 1787)
Completed 200 OK in 3ms (Views: 2.7ms | ActiveRecord: 0.1ms | Allocations: 2097)


Started GET "/genres" for 127.0.0.1 at 2024-03-29 09:18:39 -0300
Processing by GenresController#index as HTML
  Rendering layout layouts/application.html.erb
  Rendering genres/index.html.erb within layouts/application
  [1m[36mGenre Load (0.1ms)[0m  [1m[34mSELECT "genres".* FROM "genres"[0m
  ↳ app/views/genres/index.html.erb:8
  Rendered genres/index.html.erb within layouts/application (Duration: 2.0ms | Allocations: 645)
  Rendered layout layouts/application.html.erb (Duration: 3.6ms | Allocations: 1779)
Completed 200 OK in 5ms (Views: 3.9ms | ActiveRecord: 0.1ms | Allocations: 2047)


Started GET "/genres" for 127.0.0.1 at 2024-03-29 09:19:06 -0300
Processing by GenresController#index as HTML
  Rendering layout layouts/application.html.erb
  Rendering genres/index.html.erb within layouts/application
  [1m[36mGenre Load (0.1ms)[0m  [1m[34mSELECT "genres".* FROM "genres"[0m
  ↳ app/views/genres/index.html.erb:8
  Rendered genres/index.html.erb within layouts/application (Duration: 2.4ms | Allocations: 1271)
  Rendered layout layouts/application.html.erb (Duration: 12.2ms | Allocations: 15753)
Completed 200 OK in 15ms (Views: 12.2ms | ActiveRecord: 1.1ms | Allocations: 17235)


Started GET "/" for 127.0.0.1 at 2024-03-29 09:19:08 -0300
Processing by HomeController#index as HTML
  Rendering layout layouts/application.html.erb
  Rendering home/index.html.erb within layouts/application
  Rendered home/index.html.erb within layouts/application (Duration: 0.4ms | Allocations: 87)
  Rendered layout layouts/application.html.erb (Duration: 2.4ms | Allocations: 1468)
Completed 200 OK in 4ms (Views: 3.1ms | ActiveRecord: 0.0ms | Allocations: 1924)


